LOG ENTRY: Mon Dec 28th, 2015 @ precisely 3:29 am UTC
PHP v5.4.44 :: WordPress v4.4 :: s2Member v151210 :: s2Member Pro v151210
Memory 4.70 MB :: Real Memory 5.50 MB :: Peak Memory 5.40 MB :: Real Peak Memory 5.75 MB
www.paycheckstubonline.com/buy-one-paystub/
User-Agent: Mozilla/5.0 (iPhone; CPU iPhone OS 9_2 like Mac OS X) AppleWebKit/601.1.46 (KHTML, like Gecko) Version/9.0 Mobile/13C75 Safari/601.1
-------- Input vars: ( Mon Dec 28, 2015 3:29:10 am UTC ) --------
array (
  'x_type' => 'AUTH_CAPTURE',
  'x_method' => 'CC',
  'x_email' => 'lalanykol@icloud.com',
  'x_first_name' => 'Latoya',
  'x_last_name' => 'McCoy',
  'x_customer_ip' => '172.56.13.75',
  'x_invoice_num' => 's2-5680ac8669c67',
  'x_description' => '$7.95 USD / One Time (one stub)',
  's2_invoice' => '1',
  's2_custom' => 'www.paycheckstubonline.com',
  'x_tax' => '0.00',
  'x_amount' => '7.95',
  'x_currency_code' => 'USD',
  'x_card_num' => '***********6144',
  'x_exp_date' => '2023-01',
  'x_card_code' => '0337',
  'x_address' => '21210 oak st',
  'x_city' => 'Matteson',
  'x_state' => 'Il',
  'x_country' => 'US',
  'x_zip' => '60443',
  'x_version' => '3.1',
  'x_login' => 'xxxxxxxx/key/tran',
  'x_tran_key' => 'xxxxxxxx/key/tran',
  'x_delim_data' => 'true',
  'x_delim_char' => ',',
  'x_encap_char' => '"',
  'x_relay_response' => 'false',
)
-------- Output string/vars: ( Mon Dec 28, 2015 3:29:13 am UTC ) --------
"1","1","1","This transaction has been approved.","286017","Y","7836681650","s2-5680ac8669c67","$7.95 USD / One Time (one stub)","7.95","CC","auth_capture","","Latoya","McCoy","","21210 oak st","Matteson","Il","60443","US","","","lalanykol@icloud.com","","","","","","","","","0.00","","","","","0373BF57193FDC44E770A08973CE685C","Y","","","","","","","","","","","","XXXX6144","American Express","","","","","","","","","","","","","","","","","1","www.paycheckstubonline.com"
array (
  0 => '1',
  1 => '1',
  2 => '1',
  3 => 'This transaction has been approved.',
  4 => '286017',
  5 => 'Y',
  6 => '7836681650',
  7 => 's2-5680ac8669c67',
  8 => '$7.95 USD / One Time (one stub)',
  9 => '7.95',
  10 => 'CC',
  11 => 'auth_capture',
  12 => '',
  13 => 'Latoya',
  14 => 'McCoy',
  15 => '',
  16 => '21210 oak st',
  17 => 'Matteson',
  18 => 'Il',
  19 => '60443',
  20 => 'US',
  21 => '',
  22 => '',
  23 => 'lalanykol@icloud.com',
  24 => '',
  25 => '',
  26 => '',
  27 => '',
  28 => '',
  29 => '',
  30 => '',
  31 => '',
  32 => '0.00',
  33 => '',
  34 => '',
  35 => '',
  36 => '',
  37 => '0373BF57193FDC44E770A08973CE685C',
  38 => 'Y',
  39 => '',
  40 => '',
  41 => '',
  42 => '',
  43 => '',
  44 => '',
  45 => '',
  46 => '',
  47 => '',
  48 => '',
  49 => '',
  50 => 'XXXX6144',
  51 => 'American Express',
  52 => '',
  53 => '',
  54 => '',
  55 => '',
  56 => '',
  57 => '',
  58 => '',
  59 => '',
  60 => '',
  61 => '',
  62 => '',
  63 => '',
  64 => '',
  65 => '',
  66 => '',
  67 => '',
  68 => '1',
  69 => 'www.paycheckstubonline.com',
  'response_code' => '1',
  'response_subcode' => '1',
  'response_reason_code' => '1',
  'response_reason_text' => 'This transaction has been approved.',
  'authorization_code' => '286017',
  'avs_response' => 'Y',
  'transaction_id' => '7836681650',
  'invoice_number' => 's2-5680ac8669c67',
  'description' => '$7.95 USD / One Time (one stub)',
  'amount' => '7.95',
  'method' => 'CC',
  'transaction_type' => 'auth_capture',
  'customer_id' => '',
  'first_name' => 'Latoya',
  'last_name' => 'McCoy',
  'company' => '',
  'address' => '21210 oak st',
  'city' => 'Matteson',
  'state' => 'Il',
  'zipcode' => '60443',
  'country' => 'US',
  'phone' => '',
  'fax' => '',
  'email' => 'lalanykol@icloud.com',
  'ship_to_first_name' => '',
  'ship_to_last_name' => '',
  'ship_to_company' => '',
  'ship_to_address' => '',
  'ship_to_city' => '',
  'ship_to_state' => '',
  'ship_to_zipcode' => '',
  'ship_to_country' => '',
  'tax' => '0.00',
  'duty' => '',
  'freight' => '',
  'tax_exempt' => '',
  'po_number' => '',
  'md5_hash' => '0373BF57193FDC44E770A08973CE685C',
  'card_code_response' => 'Y',
  'cavv_response' => '',
  'card_number' => '',
  'card_type' => '',
  'split_tender_id' => '',
  'requested_amount' => '',
  'balance_on_card' => '',
)

LOG ENTRY: Mon Dec 28th, 2015 @ precisely 6:26 am UTC
PHP v5.4.44 :: WordPress v4.4 :: s2Member v151210 :: s2Member Pro v151210
Memory 4.69 MB :: Real Memory 5.00 MB :: Peak Memory 4.80 MB :: Real Peak Memory 5.00 MB
www.paycheckstubonline.com/buy-one-paystub/
User-Agent: Mozilla/5.0 (Windows NT 6.1; WOW64; Trident/7.0; rv:11.0) like Gecko
-------- Input vars: ( Mon Dec 28, 2015 6:26:44 am UTC ) --------
array (
  'x_type' => 'AUTH_CAPTURE',
  'x_method' => 'CC',
  'x_email' => 'merboth26@gmail.com',
  'x_first_name' => 'heather',
  'x_last_name' => 'merboth',
  'x_customer_ip' => '76.212.147.134',
  'x_invoice_num' => 's2-5680d6242c2e9',
  'x_description' => '$7.95 USD / One Time (one stub)',
  's2_invoice' => '1',
  's2_custom' => 'www.paycheckstubonline.com',
  'x_tax' => '0.00',
  'x_amount' => '7.95',
  'x_currency_code' => 'USD',
  'x_card_num' => '************7681',
  'x_exp_date' => '2020-09',
  'x_card_code' => '588',
  'x_address' => '18 10th Street unit 336 S',
  'x_city' => 'San Fransisco',
  'x_state' => 'CA',
  'x_country' => 'US',
  'x_zip' => '94103',
  'x_version' => '3.1',
  'x_login' => 'xxxxxxxx/key/tran',
  'x_tran_key' => 'xxxxxxxx/key/tran',
  'x_delim_data' => 'true',
  'x_delim_char' => ',',
  'x_encap_char' => '"',
  'x_relay_response' => 'false',
)
-------- Output string/vars: ( Mon Dec 28, 2015 6:26:46 am UTC ) --------
"1","1","1","This transaction has been approved.","H03518","Y","7836852142","s2-5680d6242c2e9","$7.95 USD / One Time (one stub)","7.95","CC","auth_capture","","heather","merboth","","18 10th Street unit 336 S","San Fransisco","CA","94103","US","","","merboth26@gmail.com","","","","","","","","","0.00","","","","","7E1FF2BBBB05DFBF63B0B8A624347768","M","","","","","","","","","","","","XXXX7681","MasterCard","","","","","","","","","","","","","","","","","1","www.paycheckstubonline.com"
array (
  0 => '1',
  1 => '1',
  2 => '1',
  3 => 'This transaction has been approved.',
  4 => 'H03518',
  5 => 'Y',
  6 => '7836852142',
  7 => 's2-5680d6242c2e9',
  8 => '$7.95 USD / One Time (one stub)',
  9 => '7.95',
  10 => 'CC',
  11 => 'auth_capture',
  12 => '',
  13 => 'heather',
  14 => 'merboth',
  15 => '',
  16 => '18 10th Street unit 336 S',
  17 => 'San Fransisco',
  18 => 'CA',
  19 => '94103',
  20 => 'US',
  21 => '',
  22 => '',
  23 => 'merboth26@gmail.com',
  24 => '',
  25 => '',
  26 => '',
  27 => '',
  28 => '',
  29 => '',
  30 => '',
  31 => '',
  32 => '0.00',
  33 => '',
  34 => '',
  35 => '',
  36 => '',
  37 => '7E1FF2BBBB05DFBF63B0B8A624347768',
  38 => 'M',
  39 => '',
  40 => '',
  41 => '',
  42 => '',
  43 => '',
  44 => '',
  45 => '',
  46 => '',
  47 => '',
  48 => '',
  49 => '',
  50 => 'XXXX7681',
  51 => 'MasterCard',
  52 => '',
  53 => '',
  54 => '',
  55 => '',
  56 => '',
  57 => '',
  58 => '',
  59 => '',
  60 => '',
  61 => '',
  62 => '',
  63 => '',
  64 => '',
  65 => '',
  66 => '',
  67 => '',
  68 => '1',
  69 => 'www.paycheckstubonline.com',
  'response_code' => '1',
  'response_subcode' => '1',
  'response_reason_code' => '1',
  'response_reason_text' => 'This transaction has been approved.',
  'authorization_code' => 'H03518',
  'avs_response' => 'Y',
  'transaction_id' => '7836852142',
  'invoice_number' => 's2-5680d6242c2e9',
  'description' => '$7.95 USD / One Time (one stub)',
  'amount' => '7.95',
  'method' => 'CC',
  'transaction_type' => 'auth_capture',
  'customer_id' => '',
  'first_name' => 'heather',
  'last_name' => 'merboth',
  'company' => '',
  'address' => '18 10th Street unit 336 S',
  'city' => 'San Fransisco',
  'state' => 'CA',
  'zipcode' => '94103',
  'country' => 'US',
  'phone' => '',
  'fax' => '',
  'email' => 'merboth26@gmail.com',
  'ship_to_first_name' => '',
  'ship_to_last_name' => '',
  'ship_to_company' => '',
  'ship_to_address' => '',
  'ship_to_city' => '',
  'ship_to_state' => '',
  'ship_to_zipcode' => '',
  'ship_to_country' => '',
  'tax' => '0.00',
  'duty' => '',
  'freight' => '',
  'tax_exempt' => '',
  'po_number' => '',
  'md5_hash' => '7E1FF2BBBB05DFBF63B0B8A624347768',
  'card_code_response' => 'M',
  'cavv_response' => '',
  'card_number' => '',
  'card_type' => '',
  'split_tender_id' => '',
  'requested_amount' => '',
  'balance_on_card' => '',
)

