LOG ENTRY: Sun Aug 2nd, 2015 @ precisely 10:09 am UTC
PHP v5.4.43 :: WordPress v4.2.3 :: s2Member v150722 :: s2Member Pro v150722
Memory 22.58 MB :: Real Memory 23.00 MB :: Peak Memory 22.67 MB :: Real Peak Memory 23.00 MB
www.paycheckstubonline.com/paid-user-for-a-fixed-amount/
User-Agent: Mozilla/5.0 (Windows NT 6.3; WOW64) AppleWebKit/537.36 (KHTML, like Gecko) Chrome/44.0.2403.125 Safari/537.36
-------- Input vars: ( Sun Aug 2, 2015 10:09:54 am UTC ) --------
array (
  'x_type' => 'AUTH_CAPTURE',
  'x_method' => 'CC',
  'x_email' => 'hoanganhhung.vp@gmail.com',
  'x_first_name' => 'Nguyen Thi',
  'x_last_name' => 'Toi',
  'x_customer_ip' => '116.101.28.123',
  'x_invoice_num' => 's2-55bdec7288bc0',
  'x_description' => '$4.5 USD / One Time (for lifetime access, non-recurring, no trial)',
  's2_invoice' => '1',
  's2_custom' => 'www.paycheckstubonline.com',
  'x_tax' => '0.00',
  'x_amount' => '4.50',
  'x_currency_code' => 'USD',
  'x_card_num' => '************4012',
  'x_exp_date' => '2019-10',
  'x_card_code' => '689',
  'x_address' => '85 Ba trieu',
  'x_city' => 'Vinh yen',
  'x_state' => 'karlmc15',
  'x_country' => 'VN',
  'x_zip' => '100000',
  'x_version' => '3.1',
  'x_login' => 'xxxxxxxx/key/tran',
  'x_tran_key' => 'xxxxxxxx/key/tran',
  'x_delim_data' => 'true',
  'x_delim_char' => ',',
  'x_encap_char' => '"',
  'x_relay_response' => 'false',
)
-------- Output string/vars: ( Sun Aug 2, 2015 10:09:55 am UTC ) --------
"1","1","1","(TESTMODE) This transaction has been approved.","000000","P","0","s2-55bdec7288bc0","$4.5 USD / One Time (for lifetime access, non-recurring, no trial)","4.50","CC","auth_capture","","Nguyen Thi","Toi","","85 Ba trieu","Vinh yen","karlmc15","100000","VN","","","hoanganhhung.vp@gmail.com","","","","","","","","","0.00","","","","","B55A15ACE97035A192529307349B3B39","","","","","","","","","","","","","XXXX4012","Visa","","","","","","","","","","","","","","","","","1","www.paycheckstubonline.com"
array (
  0 => '1',
  1 => '1',
  2 => '1',
  3 => '(TESTMODE) This transaction has been approved.',
  4 => '000000',
  5 => 'P',
  6 => '0',
  7 => 's2-55bdec7288bc0',
  8 => '$4.5 USD / One Time (for lifetime access, non-recurring, no trial)',
  9 => '4.50',
  10 => 'CC',
  11 => 'auth_capture',
  12 => '',
  13 => 'Nguyen Thi',
  14 => 'Toi',
  15 => '',
  16 => '85 Ba trieu',
  17 => 'Vinh yen',
  18 => 'karlmc15',
  19 => '100000',
  20 => 'VN',
  21 => '',
  22 => '',
  23 => 'hoanganhhung.vp@gmail.com',
  24 => '',
  25 => '',
  26 => '',
  27 => '',
  28 => '',
  29 => '',
  30 => '',
  31 => '',
  32 => '0.00',
  33 => '',
  34 => '',
  35 => '',
  36 => '',
  37 => 'B55A15ACE97035A192529307349B3B39',
  38 => '',
  39 => '',
  40 => '',
  41 => '',
  42 => '',
  43 => '',
  44 => '',
  45 => '',
  46 => '',
  47 => '',
  48 => '',
  49 => '',
  50 => 'XXXX4012',
  51 => 'Visa',
  52 => '',
  53 => '',
  54 => '',
  55 => '',
  56 => '',
  57 => '',
  58 => '',
  59 => '',
  60 => '',
  61 => '',
  62 => '',
  63 => '',
  64 => '',
  65 => '',
  66 => '',
  67 => '',
  68 => '1',
  69 => 'www.paycheckstubonline.com',
  'response_code' => '1',
  'response_subcode' => '1',
  'response_reason_code' => '1',
  'response_reason_text' => '(TESTMODE) This transaction has been approved.',
  'authorization_code' => '000000',
  'avs_response' => 'P',
  'transaction_id' => '0',
  'invoice_number' => 's2-55bdec7288bc0',
  'description' => '$4.5 USD / One Time (for lifetime access, non-recurring, no trial)',
  'amount' => '4.50',
  'method' => 'CC',
  'transaction_type' => 'auth_capture',
  'customer_id' => '',
  'first_name' => 'Nguyen Thi',
  'last_name' => 'Toi',
  'company' => '',
  'address' => '85 Ba trieu',
  'city' => 'Vinh yen',
  'state' => 'karlmc15',
  'zipcode' => '100000',
  'country' => 'VN',
  'phone' => '',
  'fax' => '',
  'email' => 'hoanganhhung.vp@gmail.com',
  'ship_to_first_name' => '',
  'ship_to_last_name' => '',
  'ship_to_company' => '',
  'ship_to_address' => '',
  'ship_to_city' => '',
  'ship_to_state' => '',
  'ship_to_zipcode' => '',
  'ship_to_country' => '',
  'tax' => '0.00',
  'duty' => '',
  'freight' => '',
  'tax_exempt' => '',
  'po_number' => '',
  'md5_hash' => 'B55A15ACE97035A192529307349B3B39',
  'card_code_response' => '',
  'cavv_response' => '',
  'card_number' => '',
  'card_type' => '',
  'split_tender_id' => '',
  'requested_amount' => '',
  'balance_on_card' => '',
)

